<?xml version="1.0" encoding="UTF-8" ?>
<testsuite failures="0" time="0.478" errors="0" skipped="0" tests="6" name="org.prolog4j.ProverTest">
  <properties>
    <property name="java.runtime.name" value="Java(TM) SE Runtime Environment"/>
    <property name="sun.boot.library.path" value="/opt/jdk1.7.0/jre/lib/amd64"/>
    <property name="java.vm.version" value="13.0-b02"/>
    <property name="java.vm.vendor" value="Sun Microsystems Inc."/>
    <property name="java.vendor.url" value="http://java.sun.com/"/>
    <property name="path.separator" value=":"/>
    <property name="java.vm.name" value="Java HotSpot(TM) 64-Bit Server VM"/>
    <property name="file.encoding.pkg" value="sun.io"/>
    <property name="user.country" value="HU"/>
    <property name="sun.java.launcher" value="SUN_STANDARD"/>
    <property name="sun.os.patch.level" value="unknown"/>
    <property name="java.vm.specification.name" value="Java Virtual Machine Specification"/>
    <property name="user.dir" value="/home/espakm/workspace-prolog4j-2/prolog4j/maven.1250260211583/prolog4j-tuprolog"/>
    <property name="java.runtime.version" value="1.7.0-ea-b30"/>
    <property name="java.awt.graphicsenv" value="sun.awt.X11GraphicsEnvironment"/>
    <property name="basedir" value="/home/espakm/workspace-prolog4j-2/prolog4j/maven.1250260211583/prolog4j-tuprolog"/>
    <property name="java.endorsed.dirs" value="/opt/jdk1.7.0/jre/lib/endorsed"/>
    <property name="os.arch" value="amd64"/>
    <property name="surefire.real.class.path" value="/tmp/surefirebooter42945.jar"/>
    <property name="java.io.tmpdir" value="/tmp"/>
    <property name="line.separator" value="
"/>
    <property name="java.vm.specification.vendor" value="Sun Microsystems Inc."/>
    <property name="os.name" value="Linux"/>
    <property name="sun.jnu.encoding" value="UTF-8"/>
    <property name="java.library.path" value="/opt/jdk1.7.0/jre/lib/amd64/server:/opt/jdk1.7.0/jre/lib/amd64:/opt/jdk1.7.0/jre/../lib/amd64:/usr/java/packages/lib/amd64:/lib:/usr/lib"/>
    <property name="surefire.test.class.path" value="/home/espakm/workspace-prolog4j-2/prolog4j/maven.1250260211583/prolog4j-tuprolog/target/test-classes:/home/espakm/workspace-prolog4j-2/prolog4j/maven.1250260211583/prolog4j-tuprolog/target/classes:/home/espakm/workspace-prolog4j-2/prolog4j/maven.1250260211583/prolog4j-api/target/prolog4j-api-0.0.1-SNAPSHOT.jar:/home/espakm/.m2/repository/it/unibo/tuProlog/tuProlog/2.1.1/tuProlog-2.1.1.jar:/home/espakm/.m2/repository/org/slf4j/slf4j-api/1.5.8/slf4j-api-1.5.8.jar:/home/espakm/.m2/repository/org/slf4j/slf4j-simple/1.5.8/slf4j-simple-1.5.8.jar:/home/espakm/.m2/repository/junit/junit/4.6/junit-4.6.jar:"/>
    <property name="java.specification.name" value="Java Platform API Specification"/>
    <property name="java.class.version" value="51.0"/>
    <property name="sun.management.compiler" value="HotSpot 64-Bit Server Compiler"/>
    <property name="os.version" value="2.6.28-15-generic"/>
    <property name="user.home" value="/home/espakm"/>
    <property name="user.timezone" value=""/>
    <property name="java.awt.printerjob" value="sun.print.PSPrinterJob"/>
    <property name="file.encoding" value="UTF-8"/>
    <property name="java.specification.version" value="1.7"/>
    <property name="user.name" value="espakm"/>
    <property name="java.class.path" value="/home/espakm/workspace-prolog4j-2/prolog4j/maven.1250260211583/prolog4j-tuprolog/target/test-classes:/home/espakm/workspace-prolog4j-2/prolog4j/maven.1250260211583/prolog4j-tuprolog/target/classes:/home/espakm/workspace-prolog4j-2/prolog4j/maven.1250260211583/prolog4j-api/target/prolog4j-api-0.0.1-SNAPSHOT.jar:/home/espakm/.m2/repository/it/unibo/tuProlog/tuProlog/2.1.1/tuProlog-2.1.1.jar:/home/espakm/.m2/repository/org/slf4j/slf4j-api/1.5.8/slf4j-api-1.5.8.jar:/home/espakm/.m2/repository/org/slf4j/slf4j-simple/1.5.8/slf4j-simple-1.5.8.jar:/home/espakm/.m2/repository/junit/junit/4.6/junit-4.6.jar:"/>
    <property name="java.vm.specification.version" value="1.0"/>
    <property name="sun.arch.data.model" value="64"/>
    <property name="java.home" value="/opt/jdk1.7.0/jre"/>
    <property name="java.specification.vendor" value="Sun Microsystems Inc."/>
    <property name="user.language" value="hu"/>
    <property name="java.vm.info" value="mixed mode"/>
    <property name="java.version" value="1.7.0-ea"/>
    <property name="java.ext.dirs" value="/opt/jdk1.7.0/jre/lib/ext:/usr/java/packages/lib/ext"/>
    <property name="sun.boot.class.path" value="/opt/jdk1.7.0/jre/lib/resources.jar:/opt/jdk1.7.0/jre/lib/rt.jar:/opt/jdk1.7.0/jre/lib/sunrsasign.jar:/opt/jdk1.7.0/jre/lib/jsse.jar:/opt/jdk1.7.0/jre/lib/jce.jar:/opt/jdk1.7.0/jre/lib/charsets.jar:/opt/jdk1.7.0/jre/classes"/>
    <property name="java.vendor" value="Sun Microsystems Inc."/>
    <property name="localRepository" value="/home/espakm/.m2/repository"/>
    <property name="file.separator" value="/"/>
    <property name="java.vendor.url.bug" value="http://java.sun.com/cgi-bin/bugreport.cgi"/>
    <property name="sun.cpu.endian" value="little"/>
    <property name="sun.io.unicode.encoding" value="UnicodeLittle"/>
    <property name="sun.cpu.isalist" value=""/>
  </properties>
  <testcase time="0.018" classname="org.prolog4j.ProverTest" name="testIsSuccess"/>
  <testcase time="0.002" classname="org.prolog4j.ProverTest" name="testIterable"/>
  <testcase time="0.001" classname="org.prolog4j.ProverTest" name="testIsMember"/>
  <testcase time="0.002" classname="org.prolog4j.ProverTest" name="testTestOn"/>
  <testcase time="0.001" classname="org.prolog4j.ProverTest" name="testTestArrayResult"/>
  <testcase time="0" classname="org.prolog4j.ProverTest" name="testTestListResult"/>
</testsuite>